C:\USERS\STUDENT\DESKTOP\EVAN PARKS\EVAN PARKS\DEBUG\EVAN PARKS.EXE
C:\USERS\STUDENT\DESKTOP\EVAN PARKS\EVAN PARKS\DEBUG\EVAN PARKS.ILK
C:\USERS\STUDENT\DESKTOP\EVAN PARKS\EVAN PARKS\DEBUG\EVAN PARKS.PDB
C:\USERS\STUDENT\DESKTOP\EVAN PARKS\EVAN PARKS\EVAN PARKS\DEBUG\ARRAY.OBJ
C:\USERS\STUDENT\DESKTOP\EVAN PARKS\EVAN PARKS\EVAN PARKS\DEBUG\BLUH.OBJ
C:\USERS\STUDENT\DESKTOP\EVAN PARKS\EVAN PARKS\EVAN PARKS\DEBUG\BUBBLESORT.OBJ
C:\Users\Student\Desktop\Evan Parks\Evan Parks\Evan Parks\Debug\cl.command.1.tlog
C:\Users\Student\Desktop\Evan Parks\Evan Parks\Evan Parks\Debug\CL.read.1.tlog
C:\Users\Student\Desktop\Evan Parks\Evan Parks\Evan Parks\Debug\CL.write.1.tlog
C:\USERS\STUDENT\DESKTOP\EVAN PARKS\EVAN PARKS\EVAN PARKS\DEBUG\COME_AT_ME.OBJ
C:\USERS\STUDENT\DESKTOP\EVAN PARKS\EVAN PARKS\EVAN PARKS\DEBUG\CORRECTED.OBJ
C:\USERS\STUDENT\DESKTOP\EVAN PARKS\EVAN PARKS\EVAN PARKS\DEBUG\DICE ROLL.OBJ
C:\USERS\STUDENT\DESKTOP\EVAN PARKS\EVAN PARKS\EVAN PARKS\DEBUG\EVAN PARKS.EXE.INTERMEDIATE.MANIFEST
C:\USERS\STUDENT\DESKTOP\EVAN PARKS\EVAN PARKS\EVAN PARKS\DEBUG\FIGHT.OBJ
C:\USERS\STUDENT\DESKTOP\EVAN PARKS\EVAN PARKS\EVAN PARKS\DEBUG\FINALCLASSPET.OBJ
C:\USERS\STUDENT\DESKTOP\EVAN PARKS\EVAN PARKS\EVAN PARKS\DEBUG\FINALPRO.OBJ
C:\USERS\STUDENT\DESKTOP\EVAN PARKS\EVAN PARKS\EVAN PARKS\DEBUG\FINALPROJECT.OBJ
C:\USERS\STUDENT\DESKTOP\EVAN PARKS\EVAN PARKS\EVAN PARKS\DEBUG\FINDARRAY.OBJ
C:\USERS\STUDENT\DESKTOP\EVAN PARKS\EVAN PARKS\EVAN PARKS\DEBUG\GAMME.OBJ
C:\USERS\STUDENT\DESKTOP\EVAN PARKS\EVAN PARKS\EVAN PARKS\DEBUG\HANGMAN.OBJ
C:\USERS\STUDENT\DESKTOP\EVAN PARKS\EVAN PARKS\EVAN PARKS\DEBUG\HELLO.OBJ
C:\Users\Student\Desktop\Evan Parks\Evan Parks\Evan Parks\Debug\link.command.1.tlog
C:\Users\Student\Desktop\Evan Parks\Evan Parks\Evan Parks\Debug\link.read.1.tlog
C:\Users\Student\Desktop\Evan Parks\Evan Parks\Evan Parks\Debug\link.write.1.tlog
C:\USERS\STUDENT\DESKTOP\EVAN PARKS\EVAN PARKS\EVAN PARKS\DEBUG\MAIN.OBJ
C:\Users\Student\Desktop\Evan Parks\Evan Parks\Evan Parks\Debug\mt.command.1.tlog
C:\Users\Student\Desktop\Evan Parks\Evan Parks\Evan Parks\Debug\mt.read.1.tlog
C:\Users\Student\Desktop\Evan Parks\Evan Parks\Evan Parks\Debug\mt.write.1.tlog
C:\USERS\STUDENT\DESKTOP\EVAN PARKS\EVAN PARKS\EVAN PARKS\DEBUG\OTHER.OBJ
C:\USERS\STUDENT\DESKTOP\EVAN PARKS\EVAN PARKS\EVAN PARKS\DEBUG\QUICKSORT.OBJ
C:\USERS\STUDENT\DESKTOP\EVAN PARKS\EVAN PARKS\EVAN PARKS\DEBUG\RECURSION.OBJ
C:\Users\Student\Desktop\Evan Parks\Evan Parks\Evan Parks\Debug\vc100.idb
C:\USERS\STUDENT\DESKTOP\EVAN PARKS\EVAN PARKS\EVAN PARKS\DEBUG\VC100.PDB
